200301
200302
200303
200304
200305
200306
200307
200308
200309
200310
200311
200312
200401
200402
200403
200404
200405
200406
200407
200408
200409
200410
200411
200412
200501
200502
200503
200504
200505
200506
200507
200508
200509
200510
200511
200512
200601
200602
200603
200604
200605
200606
200607
200608
200609
200610
200611
200612
200701
200702
200703
200704
200705
200706
200707
200708
200710
200711
200712
200801
200802
200803
200804
200805
200806
200807
200808
200809
200810
200811
200812
200901
200902
200903
200904
200905
200906
200907
200908
200909
200910
200911
200912
201001
201002
201003
201004
201005
201006
201007
201008
201009
201010
201011
201012
201101
201102
201103
201104
201105
201106
201107
201108
201109
201110
201111
201112
201201
201202
201203
201204
201205
201206
201208
201209
201210
201211
201212
201301
201302
201303
201304
201305
201306
201307
201308
201309
201310
201311
201312
201401
201402
201403
201404
201405
201406
201407
201408
201409
201410
201411
201412
201501
201502
201503
201504
201505
201506
201507
201508
201509
201510
201511
201512
201601
201602
201603
201604
201605
201606
201607
201608
201609
201610
201611
201612
201701
201702
201703
201704
201705
201706
201707
201708
201709
201710
201711
201712
201801
201802
201803
201804
201805
201806
201807
201808
201809
201810
201811
201812
201901
201902
201903
201904
201905
201906
201907
201908
201909
201910
201911
201912
202001
202002
202003
202004
202005
202006
202007
202008
202009
202010
202011
202012
202101
202102
202103
202104
202105
202106
202107
202108
202109
202110
202111
202112
202201
202202
202203
202204
202205
202206
202207
202208
202209
202210
202211
202212
202301
202302
202303
202304
202305
202306
202307
202308
202309
202310
202311
202312
202401
202402
202403
202404
202405
202406
202407
202408
202409
202410
202411
202412
202501
202502
202503
202504
202505
202506
202507
202508
202509
202510
202511
202512
